<?xml version="1.0" encoding="UTF-8"?>
<!-- Generated by org.testng.reporters.JUnitXMLReporter -->
<testsuite ignored="0" hostname="LAPTOP-C09100BS" failures="0" tests="2" name="Default test" time="2.117" errors="0" timestamp="21 Jul 2022 13:24:07 GMT">
  <testcase classname="com.crm.rmgyantra.POJOLibrary.Dataprovider_MulitipleData" name="multipleData" time="2.038"/>
  <testcase classname="com.crm.rmgyantra.POJOLibrary.Dataprovider_MulitipleData" name="multipleData" time="0.037"/>
</testsuite> <!-- Default test -->
