<?xml version="1.0" encoding="UTF-8"?>
<testng-results ignored="0" total="1" passed="1" failed="0" skipped="0">
  <reporter-output>
  </reporter-output>
  <suite started-at="2022-07-20T10:26:42Z" name="Default suite" finished-at="2022-07-20T10:26:44Z" duration-ms="2099">
    <groups>
    </groups>
    <test started-at="2022-07-20T10:26:42Z" name="Default test" finished-at="2022-07-20T10:26:44Z" duration-ms="2099">
      <class name="com.crm.rmgyantra.CURDOperation.UpdatingProjectTest">
        <test-method signature="updatingProject()[pri:0, instance:com.crm.rmgyantra.CURDOperation.UpdatingProjectTest@3081f72c]" started-at="2022-07-20T10:26:42Z" name="updatingProject" finished-at="2022-07-20T10:26:44Z" duration-ms="2080" status="PASS">
          <reporter-output>
          </reporter-output>
        </test-method> <!-- updatingProject -->
      </class> <!-- com.crm.rmgyantra.CURDOperation.UpdatingProjectTest -->
    </test> <!-- Default test -->
  </suite> <!-- Default suite -->
</testng-results>
