<?xml version="1.0" encoding="UTF-8"?>
<testng-results ignored="0" total="2" passed="2" failed="0" skipped="0">
  <reporter-output>
  </reporter-output>
  <suite started-at="2022-07-21T13:24:05Z" name="Default suite" finished-at="2022-07-21T13:24:07Z" duration-ms="2117">
    <groups>
    </groups>
    <test started-at="2022-07-21T13:24:05Z" name="Default test" finished-at="2022-07-21T13:24:07Z" duration-ms="2117">
      <class name="com.crm.rmgyantra.POJOLibrary.Dataprovider_MulitipleData">
        <test-method signature="multipleData(java.lang.String, java.lang.String, java.lang.String, int)[pri:0, instance:com.crm.rmgyantra.POJOLibrary.Dataprovider_MulitipleData@609db546]" started-at="2022-07-21T13:24:05Z" name="multipleData" data-provider="getData" finished-at="2022-07-21T13:24:07Z" duration-ms="2038" status="PASS">
          <params>
            <param index="0">
              <value>
                <![CDATA[saikrishna]]>
              </value>
            </param>
            <param index="1">
              <value>
                <![CDATA[SDET_75]]>
              </value>
            </param>
            <param index="2">
              <value>
                <![CDATA[created]]>
              </value>
            </param>
            <param index="3">
              <value>
                <![CDATA[30]]>
              </value>
            </param>
          </params>
          <reporter-output>
          </reporter-output>
        </test-method> <!-- multipleData -->
        <test-method signature="multipleData(java.lang.String, java.lang.String, java.lang.String, int)[pri:0, instance:com.crm.rmgyantra.POJOLibrary.Dataprovider_MulitipleData@609db546]" started-at="2022-07-21T13:24:07Z" name="multipleData" data-provider="getData" finished-at="2022-07-21T13:24:07Z" duration-ms="37" status="PASS">
          <params>
            <param index="0">
              <value>
                <![CDATA[saikrishna123]]>
              </value>
            </param>
            <param index="1">
              <value>
                <![CDATA[SDET7-65]]>
              </value>
            </param>
            <param index="2">
              <value>
                <![CDATA[created]]>
              </value>
            </param>
            <param index="3">
              <value>
                <![CDATA[34]]>
              </value>
            </param>
          </params>
          <reporter-output>
          </reporter-output>
        </test-method> <!-- multipleData -->
      </class> <!-- com.crm.rmgyantra.POJOLibrary.Dataprovider_MulitipleData -->
    </test> <!-- Default test -->
  </suite> <!-- Default suite -->
</testng-results>
